<?xml version="1.0" encoding="UTF-8"?>
<!-- Generated by org.testng.reporters.JUnitXMLReporter -->
<testsuite ignored="0" hostname="LAPTOP-QEDQ16NT" failures="0" tests="12" name="Surefire test" time="4.629" errors="0" timestamp="2023-03-29T22:52:38 EDT">
  <testcase classname="api.test.dataDrivenTest" name="testPostUser" time="1.464"/>
  <testcase classname="api.test.dataDrivenTest" name="testPostUser" time="0.146"/>
  <testcase classname="api.test.dataDrivenTest" name="testPostUser" time="0.152"/>
  <testcase classname="api.test.dataDrivenTest" name="testPostUser" time="0.159"/>
  <testcase classname="api.test.dataDrivenTest" name="testdeleteUser" time="0.163"/>
  <testcase classname="api.test.dataDrivenTest" name="testdeleteUser" time="0.139"/>
  <testcase classname="api.test.dataDrivenTest" name="testdeleteUser" time="0.151"/>
  <testcase classname="api.test.dataDrivenTest" name="testdeleteUser" time="0.149"/>
  <testcase classname="api.test.UserTests" name="testpostUser" time="0.184"/>
  <testcase classname="api.test.UserTests" name="testreadUser" time="0.145"/>
  <testcase classname="api.test.UserTests" name="testupdateUser" time="0.32"/>
  <testcase classname="api.test.UserTests" name="testdeleteUser" time="0.157"/>
</testsuite> <!-- Surefire test -->
