<?xml version="1.0" encoding="UTF-8"?>
<!-- Generated by org.testng.reporters.JUnitXMLReporter -->
<testsuite ignored="0" hostname="LAPTOP-QEDQ16NT" failures="0" tests="4" name="Default test" time="2.535" errors="0" timestamp="2023-03-29T22:33:21 EDT">
  <testcase classname="api.test.UserTests2" name="testpostUser" time="1.625"/>
  <testcase classname="api.test.UserTests2" name="testreadUser" time="0.183"/>
  <testcase classname="api.test.UserTests2" name="testupdateUser" time="0.344"/>
  <testcase classname="api.test.UserTests2" name="testdeleteUser" time="0.178"/>
</testsuite> <!-- Default test -->
