<?xml version="1.0" encoding="UTF-8"?>
<testng-results ignored="0" total="12" passed="12" failed="0" skipped="0">
  <reporter-output>
  </reporter-output>
  <suite started-at="2023-03-29T22:52:33 EDT" name="Surefire suite" finished-at="2023-03-29T22:52:38 EDT" duration-ms="4629">
    <groups>
    </groups>
    <test started-at="2023-03-29T22:52:33 EDT" name="Surefire test" finished-at="2023-03-29T22:52:38 EDT" duration-ms="4629">
      <class name="api.test.dataDrivenTest">
        <test-method signature="testPostUser(java.lang.String,java.lang.String,java.lang.String,java.lang.String,java.lang.String,java.lang.String,java.lang.String)[pri:1, instance:api.test.dataDrivenTest@b62fe6d]" started-at="2023-03-29T22:52:34 EDT" name="testPostUser" data-provider="Data" finished-at="2023-03-29T22:52:36 EDT" duration-ms="1464" status="PASS">
          <params>
            <param index="0">
              <value>
                <![CDATA[1000]]>
              </value>
            </param>
            <param index="1">
              <value>
                <![CDATA[fin1]]>
              </value>
            </param>
            <param index="2">
              <value>
                <![CDATA[Abhi]]>
              </value>
            </param>
            <param index="3">
              <value>
                <![CDATA[Kees]]>
              </value>
            </param>
            <param index="4">
              <value>
                <![CDATA[abhi@gmail.com]]>
              </value>
            </param>
            <param index="5">
              <value>
                <![CDATA[red@1]]>
              </value>
            </param>
            <param index="6">
              <value>
                <![CDATA[9618446758]]>
              </value>
            </param>
          </params>
          <reporter-output>
          </reporter-output>
        </test-method> <!-- testPostUser -->
        <test-method signature="testPostUser(java.lang.String,java.lang.String,java.lang.String,java.lang.String,java.lang.String,java.lang.String,java.lang.String)[pri:1, instance:api.test.dataDrivenTest@b62fe6d]" started-at="2023-03-29T22:52:36 EDT" name="testPostUser" data-provider="Data" finished-at="2023-03-29T22:52:36 EDT" duration-ms="146" status="PASS">
          <params>
            <param index="0">
              <value>
                <![CDATA[1001]]>
              </value>
            </param>
            <param index="1">
              <value>
                <![CDATA[fin2]]>
              </value>
            </param>
            <param index="2">
              <value>
                <![CDATA[Adhi]]>
              </value>
            </param>
            <param index="3">
              <value>
                <![CDATA[Doku]]>
              </value>
            </param>
            <param index="4">
              <value>
                <![CDATA[abhi@gmail.com]]>
              </value>
            </param>
            <param index="5">
              <value>
                <![CDATA[red@2]]>
              </value>
            </param>
            <param index="6">
              <value>
                <![CDATA[8179948083]]>
              </value>
            </param>
          </params>
          <reporter-output>
          </reporter-output>
        </test-method> <!-- testPostUser -->
        <test-method signature="testPostUser(java.lang.String,java.lang.String,java.lang.String,java.lang.String,java.lang.String,java.lang.String,java.lang.String)[pri:1, instance:api.test.dataDrivenTest@b62fe6d]" started-at="2023-03-29T22:52:36 EDT" name="testPostUser" data-provider="Data" finished-at="2023-03-29T22:52:36 EDT" duration-ms="152" status="PASS">
          <params>
            <param index="0">
              <value>
                <![CDATA[1002]]>
              </value>
            </param>
            <param index="1">
              <value>
                <![CDATA[fin3]]>
              </value>
            </param>
            <param index="2">
              <value>
                <![CDATA[Venky]]>
              </value>
            </param>
            <param index="3">
              <value>
                <![CDATA[Vadla]]>
              </value>
            </param>
            <param index="4">
              <value>
                <![CDATA[abhi@gmail.com]]>
              </value>
            </param>
            <param index="5">
              <value>
                <![CDATA[red@3]]>
              </value>
            </param>
            <param index="6">
              <value>
                <![CDATA[9908348080]]>
              </value>
            </param>
          </params>
          <reporter-output>
          </reporter-output>
        </test-method> <!-- testPostUser -->
        <test-method signature="testPostUser(java.lang.String,java.lang.String,java.lang.String,java.lang.String,java.lang.String,java.lang.String,java.lang.String)[pri:1, instance:api.test.dataDrivenTest@b62fe6d]" started-at="2023-03-29T22:52:36 EDT" name="testPostUser" data-provider="Data" finished-at="2023-03-29T22:52:36 EDT" duration-ms="159" status="PASS">
          <params>
            <param index="0">
              <value>
                <![CDATA[1003]]>
              </value>
            </param>
            <param index="1">
              <value>
                <![CDATA[fin4]]>
              </value>
            </param>
            <param index="2">
              <value>
                <![CDATA[run]]>
              </value>
            </param>
            <param index="3">
              <value>
                <![CDATA[keeg]]>
              </value>
            </param>
            <param index="4">
              <value>
                <![CDATA[abhi@gmail.com]]>
              </value>
            </param>
            <param index="5">
              <value>
                <![CDATA[red@4]]>
              </value>
            </param>
            <param index="6">
              <value>
                <![CDATA[7799555510]]>
              </value>
            </param>
          </params>
          <reporter-output>
          </reporter-output>
        </test-method> <!-- testPostUser -->
        <test-method signature="testdeleteUser(java.lang.String)[pri:2, instance:api.test.dataDrivenTest@b62fe6d]" started-at="2023-03-29T22:52:36 EDT" name="testdeleteUser" data-provider="UserNames" finished-at="2023-03-29T22:52:36 EDT" duration-ms="163" status="PASS">
          <params>
            <param index="0">
              <value>
                <![CDATA[fin1]]>
              </value>
            </param>
          </params>
          <reporter-output>
          </reporter-output>
        </test-method> <!-- testdeleteUser -->
        <test-method signature="testdeleteUser(java.lang.String)[pri:2, instance:api.test.dataDrivenTest@b62fe6d]" started-at="2023-03-29T22:52:36 EDT" name="testdeleteUser" data-provider="UserNames" finished-at="2023-03-29T22:52:36 EDT" duration-ms="139" status="PASS">
          <params>
            <param index="0">
              <value>
                <![CDATA[fin2]]>
              </value>
            </param>
          </params>
          <reporter-output>
          </reporter-output>
        </test-method> <!-- testdeleteUser -->
        <test-method signature="testdeleteUser(java.lang.String)[pri:2, instance:api.test.dataDrivenTest@b62fe6d]" started-at="2023-03-29T22:52:36 EDT" name="testdeleteUser" data-provider="UserNames" finished-at="2023-03-29T22:52:37 EDT" duration-ms="151" status="PASS">
          <params>
            <param index="0">
              <value>
                <![CDATA[fin3]]>
              </value>
            </param>
          </params>
          <reporter-output>
          </reporter-output>
        </test-method> <!-- testdeleteUser -->
        <test-method signature="testdeleteUser(java.lang.String)[pri:2, instance:api.test.dataDrivenTest@b62fe6d]" started-at="2023-03-29T22:52:37 EDT" name="testdeleteUser" data-provider="UserNames" finished-at="2023-03-29T22:52:37 EDT" duration-ms="149" status="PASS">
          <params>
            <param index="0">
              <value>
                <![CDATA[fin4]]>
              </value>
            </param>
          </params>
          <reporter-output>
          </reporter-output>
        </test-method> <!-- testdeleteUser -->
      </class> <!-- api.test.dataDrivenTest -->
      <class name="api.test.UserTests">
        <test-method is-config="true" signature="setup()[pri:0, instance:api.test.UserTests@1d082e88]" started-at="2023-03-29T22:52:37 EDT" name="setup" finished-at="2023-03-29T22:52:37 EDT" duration-ms="116" status="PASS">
          <reporter-output>
          </reporter-output>
        </test-method> <!-- setup -->
        <test-method signature="testpostUser()[pri:1, instance:api.test.UserTests@1d082e88]" started-at="2023-03-29T22:52:37 EDT" name="testpostUser" finished-at="2023-03-29T22:52:37 EDT" duration-ms="184" status="PASS">
          <reporter-output>
          </reporter-output>
        </test-method> <!-- testpostUser -->
        <test-method signature="testreadUser()[pri:2, instance:api.test.UserTests@1d082e88]" started-at="2023-03-29T22:52:37 EDT" name="testreadUser" finished-at="2023-03-29T22:52:37 EDT" duration-ms="145" status="PASS">
          <reporter-output>
          </reporter-output>
        </test-method> <!-- testreadUser -->
        <test-method signature="testupdateUser()[pri:3, instance:api.test.UserTests@1d082e88]" started-at="2023-03-29T22:52:37 EDT" name="testupdateUser" finished-at="2023-03-29T22:52:38 EDT" duration-ms="320" status="PASS">
          <reporter-output>
          </reporter-output>
        </test-method> <!-- testupdateUser -->
        <test-method signature="testdeleteUser()[pri:4, instance:api.test.UserTests@1d082e88]" started-at="2023-03-29T22:52:38 EDT" name="testdeleteUser" finished-at="2023-03-29T22:52:38 EDT" duration-ms="157" status="PASS">
          <reporter-output>
          </reporter-output>
        </test-method> <!-- testdeleteUser -->
      </class> <!-- api.test.UserTests -->
    </test> <!-- Surefire test -->
  </suite> <!-- Surefire suite -->
</testng-results>
