<?xml version="1.0" encoding="UTF-8"?>
<testng-results ignored="0" total="4" passed="4" failed="0" skipped="0">
  <reporter-output>
  </reporter-output>
  <suite started-at="2023-03-29T22:33:18 EDT" name="Default suite" finished-at="2023-03-29T22:33:21 EDT" duration-ms="2535">
    <groups>
    </groups>
    <test started-at="2023-03-29T22:33:18 EDT" name="Default test" finished-at="2023-03-29T22:33:21 EDT" duration-ms="2535">
      <class name="api.test.UserTests2">
        <test-method is-config="true" signature="setup()[pri:0, instance:api.test.UserTests2@3e58a80e]" started-at="2023-03-29T22:33:18 EDT" name="setup" finished-at="2023-03-29T22:33:19 EDT" duration-ms="156" status="PASS">
          <reporter-output>
          </reporter-output>
        </test-method> <!-- setup -->
        <test-method signature="testpostUser()[pri:1, instance:api.test.UserTests2@3e58a80e]" started-at="2023-03-29T22:33:19 EDT" name="testpostUser" finished-at="2023-03-29T22:33:20 EDT" duration-ms="1625" status="PASS">
          <reporter-output>
          </reporter-output>
        </test-method> <!-- testpostUser -->
        <test-method signature="testreadUser()[pri:2, instance:api.test.UserTests2@3e58a80e]" started-at="2023-03-29T22:33:20 EDT" name="testreadUser" finished-at="2023-03-29T22:33:20 EDT" duration-ms="183" status="PASS">
          <reporter-output>
          </reporter-output>
        </test-method> <!-- testreadUser -->
        <test-method signature="testupdateUser()[pri:3, instance:api.test.UserTests2@3e58a80e]" started-at="2023-03-29T22:33:20 EDT" name="testupdateUser" finished-at="2023-03-29T22:33:21 EDT" duration-ms="344" status="PASS">
          <reporter-output>
          </reporter-output>
        </test-method> <!-- testupdateUser -->
        <test-method signature="testdeleteUser()[pri:4, instance:api.test.UserTests2@3e58a80e]" started-at="2023-03-29T22:33:21 EDT" name="testdeleteUser" finished-at="2023-03-29T22:33:21 EDT" duration-ms="178" status="PASS">
          <reporter-output>
          </reporter-output>
        </test-method> <!-- testdeleteUser -->
      </class> <!-- api.test.UserTests2 -->
    </test> <!-- Default test -->
  </suite> <!-- Default suite -->
</testng-results>
