<?xml version="1.0" encoding="UTF-8"?>
<!-- Generated by org.testng.reporters.JUnitXMLReporter -->
<testsuite ignored="0" hostname="LAPTOP-QEDQ16NT" failures="0" tests="4" name="petTest" time="2.865" errors="0" timestamp="2023-03-29T21:56:33 EDT">
  <testcase classname="api.test.UserTests" name="testpostUser" time="1.558"/>
  <testcase classname="api.test.UserTests" name="testreadUser" time="0.246"/>
  <testcase classname="api.test.UserTests" name="testupdateUser" time="0.411"/>
  <testcase classname="api.test.UserTests" name="testdeleteUser" time="0.189"/>
</testsuite> <!-- petTest -->
